[debug] [2022-11-06T20:57:48.556Z] ----------------------------------------------------------------------
[debug] [2022-11-06T20:57:48.560Z] Command:       C:\Program Files\nodejs\node.exe C:\Users\Marco\AppData\Roaming\npm\node_modules\firebase-tools\lib\bin\firebase.js deploy --only hosting:production
[debug] [2022-11-06T20:57:48.561Z] CLI Version:   11.8.0
[debug] [2022-11-06T20:57:48.561Z] Platform:      win32
[debug] [2022-11-06T20:57:48.561Z] Node Version:  v14.18.0
[debug] [2022-11-06T20:57:48.563Z] Time:          Sun Nov 06 2022 15:57:48 GMT-0500 (Eastern Standard Time)
[debug] [2022-11-06T20:57:48.564Z] ----------------------------------------------------------------------
[debug] 
[debug] [2022-11-06T20:57:48.697Z] > command requires scopes: ["email","openid","https://www.googleapis.com/auth/cloudplatformprojects.readonly","https://www.googleapis.com/auth/firebase","https://www.googleapis.com/auth/cloud-platform"]
[debug] [2022-11-06T20:57:48.697Z] > authorizing via signed-in user (mraigoza@bu.edu)
[debug] [2022-11-06T20:57:48.697Z] [iam] checking project bostonhacks-cacioepepe for permissions ["firebase.projects.get","firebasehosting.sites.update"]
[debug] [2022-11-06T20:57:48.699Z] > refreshing access token with scopes: []
[debug] [2022-11-06T20:57:48.701Z] >>> [apiv2][query] POST https://www.googleapis.com/oauth2/v3/token [none]
[debug] [2022-11-06T20:57:48.701Z] >>> [apiv2][body] POST https://www.googleapis.com/oauth2/v3/token [omitted]
[debug] [2022-11-06T20:57:48.842Z] <<< [apiv2][status] POST https://www.googleapis.com/oauth2/v3/token 200
[debug] [2022-11-06T20:57:48.843Z] <<< [apiv2][body] POST https://www.googleapis.com/oauth2/v3/token [omitted]
[debug] [2022-11-06T20:57:48.861Z] >>> [apiv2][query] POST https://cloudresourcemanager.googleapis.com/v1/projects/bostonhacks-cacioepepe:testIamPermissions [none]
[debug] [2022-11-06T20:57:48.861Z] >>> [apiv2][(partial)header] POST https://cloudresourcemanager.googleapis.com/v1/projects/bostonhacks-cacioepepe:testIamPermissions x-goog-quota-user=projects/bostonhacks-cacioepepe
[debug] [2022-11-06T20:57:48.862Z] >>> [apiv2][body] POST https://cloudresourcemanager.googleapis.com/v1/projects/bostonhacks-cacioepepe:testIamPermissions {"permissions":["firebase.projects.get","firebasehosting.sites.update"]}
[debug] [2022-11-06T20:57:49.145Z] <<< [apiv2][status] POST https://cloudresourcemanager.googleapis.com/v1/projects/bostonhacks-cacioepepe:testIamPermissions 200
[debug] [2022-11-06T20:57:49.146Z] <<< [apiv2][body] POST https://cloudresourcemanager.googleapis.com/v1/projects/bostonhacks-cacioepepe:testIamPermissions {"permissions":["firebase.projects.get","firebasehosting.sites.update"]}
[debug] [2022-11-06T20:57:49.149Z] >>> [apiv2][query] GET https://firebase.googleapis.com/v1beta1/projects/bostonhacks-cacioepepe [none]
[debug] [2022-11-06T20:57:49.458Z] <<< [apiv2][status] GET https://firebase.googleapis.com/v1beta1/projects/bostonhacks-cacioepepe 200
[debug] [2022-11-06T20:57:49.459Z] <<< [apiv2][body] GET https://firebase.googleapis.com/v1beta1/projects/bostonhacks-cacioepepe {"projectId":"bostonhacks-cacioepepe","projectNumber":"1038640085828","displayName":"Cacioepepe","name":"projects/bostonhacks-cacioepepe","resources":{"hostingSite":"bostonhacks-cacioepepe","realtimeDatabaseInstance":"bostonhacks-cacioepepe","storageBucket":"bostonhacks-cacioepepe.appspot.com","locationId":"us-central"},"state":"ACTIVE","etag":"1_42b3e5a6-1ab6-4e27-86c5-89b7f41f4d64"}
[info] 
[info] === Deploying to 'bostonhacks-cacioepepe'...
[info] 
[info] i  deploying hosting 
[debug] [2022-11-06T20:57:49.473Z] >>> [apiv2][query] GET https://firebase.googleapis.com/v1beta1/projects/bostonhacks-cacioepepe [none]
[debug] [2022-11-06T20:57:49.875Z] <<< [apiv2][status] GET https://firebase.googleapis.com/v1beta1/projects/bostonhacks-cacioepepe 200
[debug] [2022-11-06T20:57:49.875Z] <<< [apiv2][body] GET https://firebase.googleapis.com/v1beta1/projects/bostonhacks-cacioepepe {"projectId":"bostonhacks-cacioepepe","projectNumber":"1038640085828","displayName":"Cacioepepe","name":"projects/bostonhacks-cacioepepe","resources":{"hostingSite":"bostonhacks-cacioepepe","realtimeDatabaseInstance":"bostonhacks-cacioepepe","storageBucket":"bostonhacks-cacioepepe.appspot.com","locationId":"us-central"},"state":"ACTIVE","etag":"1_42b3e5a6-1ab6-4e27-86c5-89b7f41f4d64"}
[debug] [2022-11-06T20:57:49.884Z] >>> [apiv2][query] POST https://firebasehosting.googleapis.com/v1beta1/projects/1038640085828/sites/bostonhacks-cacioepepe/versions [none]
[debug] [2022-11-06T20:57:49.884Z] >>> [apiv2][body] POST https://firebasehosting.googleapis.com/v1beta1/projects/1038640085828/sites/bostonhacks-cacioepepe/versions {"config":{"rewrites":[{"glob":"**","path":"/index.html"}]},"labels":{"deployment-tool":"cli-firebase"}}
